  Source.cpp
E:\с++\graphic2\graphic2\Source.cpp(66,31): warning C4305: 'argument': truncation from 'double' to 'T'
          with
          [
              T=float
          ]
E:\с++\graphic2\graphic2\Source.cpp(72,31): warning C4305: 'argument': truncation from 'double' to 'T'
          with
          [
              T=float
          ]
E:\с++\graphic2\graphic2\Source.cpp(105,43): warning C4305: 'argument': truncation from 'double' to 'T'
          with
          [
              T=float
          ]
E:\с++\graphic2\graphic2\Source.cpp(145,59): warning C4244: '=': conversion from 'float' to 'int', possible loss of data
  Generating code
  1 of 163 functions ( 0.6%) were compiled, the rest were copied from previous compilation.
    0 functions were new in current compilation
    0 functions had inline decision re-evaluated but remain unchanged
  Finished generating code
  graphic2.vcxproj -> E:\с++\graphic2\Release\graphic2.exe
  E:\с++\graphic2\packages\SFML-cpp.redist.2.5.1.1\build\native\bin\Win32\Release\openal32.dll
  1 File(s) copied
